[PC1 API] starting uvicorn (attempt 1)
[PC1] key char='1' keysym=1
[PC1] key char='2' keysym=2
[PC1] key char='3' keysym=3
[PC1] key char='4' keysym=4
[PC1] key char='5' keysym=5
[PC1] key char='6' keysym=6
[PC1] key char='7' keysym=7
[PC1] quit sequence entered
[PC1] admin quit triggered (Ctrl+Shift+Alt+Q)
[PC1] mainloop returned cleanly (root.destroy or root.quit called)
[PC1] process terminating
[200~python: command not found
[PC1 API] starting uvicorn (attempt 1)
[PC1] key char='0' keysym=0
[PC1] key char='0' keysym=0
[PC1] key char='0' keysym=0
[PC1] key char='\r' keysym=Return
[PC1] key char='h' keysym=h
[PC1] key char='a' keysym=a
[PC1] key char='h' keysym=h
[PC1] key char='a' keysym=a
[PC1] key char='h' keysym=h
[PC1] key char='\r' keysym=Return
[PC1] key char='0' keysym=0
[PC1] key char='0' keysym=0
[PC1] key char='\\' keysym=backslash
[PC1] key char='\r' keysym=Return
[PC1] key char='\r' keysym=Return
[PC1] key char='p' keysym=p
[PC1] key char='\r' keysym=Return
[PC1] key char='f' keysym=f
[PC1] key char='o' keysym=o
[PC1] key char='u' keysym=u
[PC1] key char='t' keysym=t
[PC1] key char='\r' keysym=Return
[PC1] key char='s' keysym=s
[PC1] key char='u' keysym=u
[PC1] key char='i' keysym=i
[PC1] key char='k' keysym=k
[PC1] key char='e' keysym=e
[PC1] key char='r' keysym=r
[PC1] key char='2' keysym=2
[PC1] key char='4' keysym=4
[PC1] key char='7' keysym=7
[PC1] key char='\r' keysym=Return
